<?xml version="1.0" encoding="UTF-8"?>
<!-- Generated by org.testng.reporters.JUnitReportReporter -->
<testsuite hostname="GarvitDevice" failures="0" tests="2" name="com.dotKonnekt.tests.LoggedInRecipePage" time="29.744" errors="0" timestamp="2023-01-19T15:50:20 IST" skipped="1">
  <testcase classname="com.dotKonnekt.tests.LoggedInRecipePage" name="SearchVerification" time="29.744"/>
  <system-out/>
  <testcase classname="com.dotKonnekt.tests.LoggedInRecipePage" name="RecipePageVerification">
    <skipped/>
  </testcase> <!-- RecipePageVerification -->
  <system-out/>
</testsuite> <!-- com.dotKonnekt.tests.LoggedInRecipePage -->
