<?xml version="1.0" encoding="UTF-8"?>
<!-- Generated by org.testng.reporters.JUnitReportReporter -->
<testsuite hostname="GarvitDevice" failures="0" tests="3" name="com.dotKonnekt.tests.BlogPageTest" time="12.782" errors="0" timestamp="2023-02-22T08:40:27 IST" skipped="2">
  <testcase classname="com.dotKonnekt.tests.BlogPageTest" name="BlogPage_TitleVerification" time="12.782"/>
  <system-out/>
  <testcase classname="com.dotKonnekt.tests.BlogPageTest" name="BlogPage_AddCommentinCommentSeection">
    <skipped/>
  </testcase> <!-- BlogPage_AddCommentinCommentSeection -->
  <system-out/>
  <testcase classname="com.dotKonnekt.tests.BlogPageTest" name="BlogPage_bookMarkIconFunctionalityLoggedIn">
    <skipped/>
  </testcase> <!-- BlogPage_bookMarkIconFunctionalityLoggedIn -->
  <system-out/>
</testsuite> <!-- com.dotKonnekt.tests.BlogPageTest -->
