<?xml version="1.0" encoding="UTF-8"?>
<!-- Generated by org.testng.reporters.JUnitReportReporter -->
<testsuite hostname="GarvitDevice" failures="0" tests="2" name="com.dotKonnekt.tests.MyAccountPageTest" time="0.010" errors="1" timestamp="2023-02-23T23:20:31 IST" skipped="1">
  <testcase classname="com.dotKonnekt.tests.MyAccountPageTest" name="profileIcon_NotLoggedIn" time="0.001">
    <skipped/>
  </testcase> <!-- profileIcon_NotLoggedIn -->
  <system-out/>
  <testcase classname="com.dotKonnekt.tests.MyAccountPageTest" name="loadConfig" time="0.009">
    <error message="Unresolved compilation problems: 
	FileInputStream cannot be resolved to a type
	FileInputStream cannot be resolved to a type
" type="java.lang.Error">
      <![CDATA[java.lang.Error: Unresolved compilation problems: 
FileInputStream cannot be resolved to a type
FileInputStream cannot be resolved to a type

at com.dotKonnekt.base.BaseClass.loadConfig(BaseClass.java:53)
at java.base/jdk.internal.reflect.NativeMethodAccessorImpl.invoke0(Native Method)
at java.base/jdk.internal.reflect.NativeMethodAccessorImpl.invoke(NativeMethodAccessorImpl.java:77)
at java.base/jdk.internal.reflect.DelegatingMethodAccessorImpl.invoke(DelegatingMethodAccessorImpl.java:43)
at java.base/java.lang.reflect.Method.invoke(Method.java:568)
at org.testng.internal.invokers.MethodInvocationHelper.invokeMethod(MethodInvocationHelper.java:139)
at org.testng.internal.invokers.MethodInvocationHelper.invokeMethodConsideringTimeout(MethodInvocationHelper.java:69)
at org.testng.internal.invokers.ConfigInvoker.invokeConfigurationMethod(ConfigInvoker.java:361)
at org.testng.internal.invokers.ConfigInvoker.invokeConfigurations(ConfigInvoker.java:296)
at org.testng.SuiteRunner.privateRun(SuiteRunner.java:372)
at org.testng.SuiteRunner.run(SuiteRunner.java:330)
at org.testng.SuiteRunnerWorker.runSuite(SuiteRunnerWorker.java:52)
at org.testng.SuiteRunnerWorker.run(SuiteRunnerWorker.java:95)
at org.testng.TestNG.runSuitesSequentially(TestNG.java:1256)
at org.testng.TestNG.runSuitesLocally(TestNG.java:1176)
at org.testng.TestNG.runSuites(TestNG.java:1099)
at org.testng.TestNG.run(TestNG.java:1067)
at org.testng.remote.AbstractRemoteTestNG.run(AbstractRemoteTestNG.java:115)
at org.testng.remote.RemoteTestNG.initAndRun(RemoteTestNG.java:251)
at org.testng.remote.RemoteTestNG.main(RemoteTestNG.java:77)
]]>
    </error>
  </testcase> <!-- loadConfig -->
  <system-out/>
</testsuite> <!-- com.dotKonnekt.tests.MyAccountPageTest -->
